Using pre-set license
Built from '2021.1/release' branch; Version is '2021.1.4f1 (4cd64a618c1b) revision 5035594'; Using compiler version '192528614'; Build Type 'Release'
OS: 'Windows 10 Enterprise; OS build 18363.1500; Version 1909; 64bit' Language: 'en' Physical Memory: 32615 MB
BatchMode: 1, IsHumanControllingUs: 0, StartBugReporterOnCrash: 0, Is64bit: 1, IsPro: 0

 COMMAND LINE ARGUMENTS:
C:\Program Files\Unity\2021.1.4f1\Editor\Unity.exe
-adb2
-batchMode
-noUpm
-name
AssetImportWorker0
-projectPath
C:/Users/sf009797/FirstShake
-logFile
Logs/AssetImportWorker0.log
-srvPort
55654
Successfully changed project path to: C:/Users/sf009797/FirstShake
C:/Users/sf009797/FirstShake
Using Asset Import Pipeline V2.
Refreshing native plugins compatible for Editor in 127.52 ms, found 2 plugins.
Preloading 0 native plugins for Editor in 0.00 ms.
Initialize engine version: 2021.1.4f1 (4cd64a618c1b)
[Subsystems] Discovering subsystems at path C:/Program Files/Unity/2021.1.4f1/Editor/Data/Resources/UnitySubsystems
[Subsystems] Discovering subsystems at path C:/Users/sf009797/FirstShake/Assets
GfxDevice: creating device client; threaded=0; jobified=0
Direct3D:
    Version:  Direct3D 11.0 [level 11.0]
    Renderer: NVIDIA Quadro M1200 (ID=0x13b6)
    Vendor:   NVIDIA
    VRAM:     4055 MB
    Driver:   26.21.14.4270
Initialize mono
Mono path[0] = 'C:/Program Files/Unity/2021.1.4f1/Editor/Data/Managed'
Mono path[1] = 'C:/Program Files/Unity/2021.1.4f1/Editor/Data/MonoBleedingEdge/lib/mono/unityjit'
Mono config path = 'C:/Program Files/Unity/2021.1.4f1/Editor/Data/MonoBleedingEdge/etc'
Using monoOptions --debugger-agent=transport=dt_socket,embedding=1,server=y,suspend=n,address=127.0.0.1:56204
Begin MonoManager ReloadAssembly
Registering precompiled unity dll's ...
Register platform support module: C:/Program Files/Unity/2021.1.4f1/Editor/Data/PlaybackEngines/WindowsStandaloneSupport/UnityEditor.WindowsStandalone.Extensions.dll
Registered in 0.002132 seconds.
Native extension for WindowsStandalone target not found
Refreshing native plugins compatible for Editor in 128.12 ms, found 2 plugins.
Preloading 0 native plugins for Editor in 0.00 ms.
Mono: successfully reloaded assembly
- Completed reload, in  2.049 seconds
Platform modules already initialized, skipping
Registering precompiled user dll's ...
Registered in 0.005474 seconds.
Begin MonoManager ReloadAssembly
Native extension for WindowsStandalone target not found
Refreshing native plugins compatible for Editor in 126.97 ms, found 2 plugins.
Preloading 0 native plugins for Editor in 0.00 ms.
Mono: successfully reloaded assembly
- Completed reload, in  1.486 seconds
Platform modules already initialized, skipping
========================================================================
Worker process is ready to serve import requests
Launched and connected shader compiler UnityShaderCompiler.exe after 0.09 seconds
Refreshing native plugins compatible for Editor in 1.11 ms, found 2 plugins.
Preloading 0 native plugins for Editor in 0.00 ms.
Unloading 3370 Unused Serialized files (Serialized files now loaded: 0)
System memory in use before: 127.8 MB.
System memory in use after: 127.9 MB.

Unloading 29 unused Assets to reduce memory usage. Loaded Objects now: 3822.
Total: 4.783800 ms (FindLiveObjects: 0.292900 ms CreateObjectMapping: 0.142300 ms MarkObjects: 4.157000 ms  DeleteObjects: 0.190300 ms)

========================================================================
Received Import Request.
  path: Assets
  artifactKey: Guid(00000000000000001000000000000000) Importer(815301076,1909f56bfc062723c751e8b465ee728b)
Start importing Assets using Guid(00000000000000001000000000000000) Importer(815301076,1909f56bfc062723c751e8b465ee728b)  -> (artifact id: 'e16ac951d8a47010f831286004212bf1') in 0.015009 seconds 
========================================================================
Received Import Request.
  Time since last request: 75.700394 seconds.
  path: Assets/ome.renderTexture
  artifactKey: Guid(527936f168791844fa51d098f3408995) Importer(815301076,1909f56bfc062723c751e8b465ee728b)
Start importing Assets/ome.renderTexture using Guid(527936f168791844fa51d098f3408995) Importer(815301076,1909f56bfc062723c751e8b465ee728b)  -> (artifact id: 'd1e2c665679ab885c6cddefe05ddd1fe') in 0.138332 seconds 
========================================================================
Received Import Request.
  Time since last request: 83.843461 seconds.
  path: Assets/Square.png
  artifactKey: Guid(70f7b814985c7774cae17e5fa5f630ef) Importer(815301076,1909f56bfc062723c751e8b465ee728b)
Start importing Assets/Square.png using Guid(70f7b814985c7774cae17e5fa5f630ef) Importer(815301076,1909f56bfc062723c751e8b465ee728b)  -> (artifact id: 'aecaff5760688370115f46fd47c58b4c') in 0.135409 seconds 
========================================================================
Received Import Request.
  Time since last request: 16.703027 seconds.
  path: Assets/HexagonFlatTop.png
  artifactKey: Guid(515954fcedc1e4a4eb7122bb7c6c0745) Importer(815301076,1909f56bfc062723c751e8b465ee728b)
Start importing Assets/HexagonFlatTop.png using Guid(515954fcedc1e4a4eb7122bb7c6c0745) Importer(815301076,1909f56bfc062723c751e8b465ee728b)  -> (artifact id: 'f19ed77a709b5560408f95eadfa517cf') in 0.024057 seconds 
========================================================================
Received Import Request.
  Time since last request: 14.962958 seconds.
  path: Assets/Circle.png
  artifactKey: Guid(5faa7f0175975c3409a7658895335cd2) Importer(815301076,1909f56bfc062723c751e8b465ee728b)
Start importing Assets/Circle.png using Guid(5faa7f0175975c3409a7658895335cd2) Importer(815301076,1909f56bfc062723c751e8b465ee728b)  -> (artifact id: 'de30b7fe0844384232737d0a6c9c9411') in 0.024557 seconds 
========================================================================
Received Import Request.
  Time since last request: 490.472195 seconds.
  path: Assets/New Physics Material 2D.physicsMaterial2D
  artifactKey: Guid(4c5791b197a5d2840b21d6c4d148dea3) Importer(815301076,1909f56bfc062723c751e8b465ee728b)
Start importing Assets/New Physics Material 2D.physicsMaterial2D using Guid(4c5791b197a5d2840b21d6c4d148dea3) Importer(815301076,1909f56bfc062723c751e8b465ee728b)  -> (artifact id: 'f567454686852c134f118269e808b39e') in 0.017826 seconds 
========================================================================
Received Import Request.
  Time since last request: 10.845228 seconds.
  path: Assets/BouncyMaterial.physicsMaterial2D
  artifactKey: Guid(4c5791b197a5d2840b21d6c4d148dea3) Importer(815301076,1909f56bfc062723c751e8b465ee728b)
Start importing Assets/BouncyMaterial.physicsMaterial2D using Guid(4c5791b197a5d2840b21d6c4d148dea3) Importer(815301076,1909f56bfc062723c751e8b465ee728b)  -> (artifact id: '8e106309db92668351d94666e39a563f') in 0.012930 seconds 
========================================================================
Received Import Request.
  Time since last request: 57.453549 seconds.
  path: Assets/Scripts
  artifactKey: Guid(4ca76f0c4f510ea4ba9cd24a007ad9e7) Importer(815301076,1909f56bfc062723c751e8b465ee728b)
Start importing Assets/Scripts using Guid(4ca76f0c4f510ea4ba9cd24a007ad9e7) Importer(815301076,1909f56bfc062723c751e8b465ee728b)  -> (artifact id: 'ad399dbaae3d97e878816fa4b0f6b58b') in 0.014008 seconds 
========================================================================
Received Import Request.
  Time since last request: 18.339181 seconds.
  path: Assets/Scripts/PhysicsController.cs
  artifactKey: Guid(9f007e3af54ca1142865ded5b4b6138d) Importer(815301076,1909f56bfc062723c751e8b465ee728b)
Start importing Assets/Scripts/PhysicsController.cs using Guid(9f007e3af54ca1142865ded5b4b6138d) Importer(815301076,1909f56bfc062723c751e8b465ee728b)  -> (artifact id: 'dda6e04d1e69be73d7f601bb7135e2ed') in 0.024877 seconds 
========================================================================
Received Prepare
Registering precompiled user dll's ...
Registered in 0.007620 seconds.
Begin MonoManager ReloadAssembly
Native extension for WindowsStandalone target not found
Refreshing native plugins compatible for Editor in 0.74 ms, found 2 plugins.
Preloading 0 native plugins for Editor in 0.00 ms.
Mono: successfully reloaded assembly
- Completed reload, in  1.176 seconds
Platform modules already initialized, skipping
Refreshing native plugins compatible for Editor in 0.87 ms, found 2 plugins.
Preloading 0 native plugins for Editor in 0.00 ms.
Unloading 3369 Unused Serialized files (Serialized files now loaded: 0)
System memory in use before: 133.4 MB.
System memory in use after: 133.5 MB.

Unloading 17 unused Assets to reduce memory usage. Loaded Objects now: 3896.
Total: 4.091700 ms (FindLiveObjects: 0.502200 ms CreateObjectMapping: 0.304100 ms MarkObjects: 3.163400 ms  DeleteObjects: 0.120600 ms)

========================================================================
Received Import Request.
  Time since last request: 3705.795720 seconds.
  path: Assets/Scripts/PhysicsController.cs
  artifactKey: Guid(9f007e3af54ca1142865ded5b4b6138d) Importer(815301076,1909f56bfc062723c751e8b465ee728b)
Start importing Assets/Scripts/PhysicsController.cs using Guid(9f007e3af54ca1142865ded5b4b6138d) Importer(815301076,1909f56bfc062723c751e8b465ee728b)  -> (artifact id: '7e9e6f3b5dffbdf6b6b2618320564134') in 0.023073 seconds 
========================================================================
Received Prepare
Registering precompiled user dll's ...
Registered in 0.004430 seconds.
Begin MonoManager ReloadAssembly
Native extension for WindowsStandalone target not found
Refreshing native plugins compatible for Editor in 1.18 ms, found 2 plugins.
Preloading 0 native plugins for Editor in 0.00 ms.
Mono: successfully reloaded assembly
- Completed reload, in  1.196 seconds
Platform modules already initialized, skipping
Refreshing native plugins compatible for Editor in 0.89 ms, found 2 plugins.
Preloading 0 native plugins for Editor in 0.00 ms.
Unloading 3366 Unused Serialized files (Serialized files now loaded: 0)
System memory in use before: 133.3 MB.
System memory in use after: 133.4 MB.

Unloading 17 unused Assets to reduce memory usage. Loaded Objects now: 3900.
Total: 3.668400 ms (FindLiveObjects: 0.291200 ms CreateObjectMapping: 0.195300 ms MarkObjects: 3.039100 ms  DeleteObjects: 0.140800 ms)

========================================================================
Received Import Request.
  Time since last request: 307.450951 seconds.
  path: Assets/Scripts/PhysicsController.cs
  artifactKey: Guid(9f007e3af54ca1142865ded5b4b6138d) Importer(815301076,1909f56bfc062723c751e8b465ee728b)
Start importing Assets/Scripts/PhysicsController.cs using Guid(9f007e3af54ca1142865ded5b4b6138d) Importer(815301076,1909f56bfc062723c751e8b465ee728b)  -> (artifact id: '0fddbfcbbfd1af90a6db3c4c78cd5728') in 0.013236 seconds 
========================================================================
Received Import Request.
  Time since last request: 23.003784 seconds.
  path: Assets/Scripts/ShakeDetector.cs
  artifactKey: Guid(6b0043d37007b0b44ab5eac9db147460) Importer(815301076,1909f56bfc062723c751e8b465ee728b)
Start importing Assets/Scripts/ShakeDetector.cs using Guid(6b0043d37007b0b44ab5eac9db147460) Importer(815301076,1909f56bfc062723c751e8b465ee728b)  -> (artifact id: 'c9cbf8056f53e2e3e154eae697985f3c') in 0.014104 seconds 
========================================================================
Received Prepare
Registering precompiled user dll's ...
Registered in 0.007312 seconds.
Begin MonoManager ReloadAssembly
Native extension for WindowsStandalone target not found
Refreshing native plugins compatible for Editor in 1.81 ms, found 2 plugins.
Preloading 0 native plugins for Editor in 0.00 ms.
Mono: successfully reloaded assembly
- Completed reload, in  1.923 seconds
Platform modules already initialized, skipping
Refreshing native plugins compatible for Editor in 1.43 ms, found 2 plugins.
Preloading 0 native plugins for Editor in 0.00 ms.
Unloading 3367 Unused Serialized files (Serialized files now loaded: 0)
System memory in use before: 133.4 MB.
System memory in use after: 133.5 MB.

Unloading 17 unused Assets to reduce memory usage. Loaded Objects now: 3905.
Total: 11.151600 ms (FindLiveObjects: 0.520300 ms CreateObjectMapping: 0.554300 ms MarkObjects: 9.906700 ms  DeleteObjects: 0.168400 ms)

========================================================================
Received Import Request.
  Time since last request: 89.338536 seconds.
  path: Assets/Scripts/ShakeDetector.cs
  artifactKey: Guid(6b0043d37007b0b44ab5eac9db147460) Importer(815301076,1909f56bfc062723c751e8b465ee728b)
Start importing Assets/Scripts/ShakeDetector.cs using Guid(6b0043d37007b0b44ab5eac9db147460) Importer(815301076,1909f56bfc062723c751e8b465ee728b)  -> (artifact id: 'fe920053ce0c5939987064e5c56ddf5d') in 0.011825 seconds 
========================================================================
Received Prepare
Registering precompiled user dll's ...
Registered in 0.006288 seconds.
Begin MonoManager ReloadAssembly
Native extension for WindowsStandalone target not found
Refreshing native plugins compatible for Editor in 1.16 ms, found 2 plugins.
Preloading 0 native plugins for Editor in 0.00 ms.
Mono: successfully reloaded assembly
- Completed reload, in  1.504 seconds
Platform modules already initialized, skipping
Refreshing native plugins compatible for Editor in 0.79 ms, found 2 plugins.
Preloading 0 native plugins for Editor in 0.00 ms.
Unloading 3367 Unused Serialized files (Serialized files now loaded: 0)
System memory in use before: 133.4 MB.
System memory in use after: 133.5 MB.

Unloading 17 unused Assets to reduce memory usage. Loaded Objects now: 3909.
Total: 2.924600 ms (FindLiveObjects: 0.286200 ms CreateObjectMapping: 0.208400 ms MarkObjects: 2.278600 ms  DeleteObjects: 0.150300 ms)

========================================================================
Received Import Request.
  Time since last request: 637.513936 seconds.
  path: Assets/Scripts/ShakeDetector.cs
  artifactKey: Guid(6b0043d37007b0b44ab5eac9db147460) Importer(815301076,1909f56bfc062723c751e8b465ee728b)
Start importing Assets/Scripts/ShakeDetector.cs using Guid(6b0043d37007b0b44ab5eac9db147460) Importer(815301076,1909f56bfc062723c751e8b465ee728b)  -> (artifact id: '605a502444d3171bcc53640b7466b91b') in 0.013175 seconds 
========================================================================
Received Prepare
Registering precompiled user dll's ...
Registered in 0.004801 seconds.
Begin MonoManager ReloadAssembly
Native extension for WindowsStandalone target not found
Refreshing native plugins compatible for Editor in 0.80 ms, found 2 plugins.
Preloading 0 native plugins for Editor in 0.00 ms.
Mono: successfully reloaded assembly
- Completed reload, in  1.413 seconds
Platform modules already initialized, skipping
Refreshing native plugins compatible for Editor in 1.46 ms, found 2 plugins.
Preloading 0 native plugins for Editor in 0.00 ms.
Unloading 3367 Unused Serialized files (Serialized files now loaded: 0)
System memory in use before: 133.5 MB.
System memory in use after: 133.6 MB.

Unloading 17 unused Assets to reduce memory usage. Loaded Objects now: 3913.
Total: 3.616300 ms (FindLiveObjects: 0.471500 ms CreateObjectMapping: 0.315200 ms MarkObjects: 2.707800 ms  DeleteObjects: 0.118200 ms)

========================================================================
Received Prepare
Registering precompiled user dll's ...
Registered in 0.004782 seconds.
Begin MonoManager ReloadAssembly
Native extension for WindowsStandalone target not found
Refreshing native plugins compatible for Editor in 0.67 ms, found 2 plugins.
Preloading 0 native plugins for Editor in 0.00 ms.
Mono: successfully reloaded assembly
- Completed reload, in  1.494 seconds
Platform modules already initialized, skipping
Refreshing native plugins compatible for Editor in 1.00 ms, found 2 plugins.
Preloading 0 native plugins for Editor in 0.00 ms.
Unloading 3367 Unused Serialized files (Serialized files now loaded: 0)
System memory in use before: 133.5 MB.
System memory in use after: 133.6 MB.

Unloading 17 unused Assets to reduce memory usage. Loaded Objects now: 3917.
Total: 3.161400 ms (FindLiveObjects: 0.335700 ms CreateObjectMapping: 0.216400 ms MarkObjects: 2.482000 ms  DeleteObjects: 0.126400 ms)

========================================================================
Received Prepare
Registering precompiled user dll's ...
Registered in 0.018796 seconds.
Begin MonoManager ReloadAssembly
Native extension for WindowsStandalone target not found
Refreshing native plugins compatible for Editor in 0.69 ms, found 2 plugins.
Preloading 0 native plugins for Editor in 0.00 ms.
Mono: successfully reloaded assembly
- Completed reload, in  1.571 seconds
Platform modules already initialized, skipping
Refreshing native plugins compatible for Editor in 0.73 ms, found 2 plugins.
Preloading 0 native plugins for Editor in 0.00 ms.
Unloading 3367 Unused Serialized files (Serialized files now loaded: 0)
System memory in use before: 133.5 MB.
System memory in use after: 133.6 MB.

Unloading 17 unused Assets to reduce memory usage. Loaded Objects now: 3921.
Total: 3.253300 ms (FindLiveObjects: 0.329100 ms CreateObjectMapping: 0.245500 ms MarkObjects: 2.521500 ms  DeleteObjects: 0.156300 ms)

========================================================================
Received Prepare
Registering precompiled user dll's ...
Registered in 0.004369 seconds.
Begin MonoManager ReloadAssembly
Native extension for WindowsStandalone target not found
Refreshing native plugins compatible for Editor in 1.09 ms, found 2 plugins.
Preloading 0 native plugins for Editor in 0.00 ms.
Mono: successfully reloaded assembly
- Completed reload, in  1.281 seconds
Platform modules already initialized, skipping
Switching build target platform(19) subTarget(0) extendedPlatform(0) -> platform(9) subTarget(16777218) extendedPlatform(0)
Refreshing native plugins compatible for Editor in 0.68 ms, found 2 plugins.
Preloading 0 native plugins for Editor in 0.00 ms.
Unloading 3371 Unused Serialized files (Serialized files now loaded: 0)
System memory in use before: 133.5 MB.
System memory in use after: 133.6 MB.

Unloading 17 unused Assets to reduce memory usage. Loaded Objects now: 3925.
Total: 2.950800 ms (FindLiveObjects: 0.305100 ms CreateObjectMapping: 0.181800 ms MarkObjects: 2.353900 ms  DeleteObjects: 0.108600 ms)

AssetImportParameters requested are different than current active one (requested -> active):
  custom:graphics/normal-map-encoding: 01000000000000000000000000000000 -> 02000000000000000000000000000000
========================================================================
Received Prepare
Refreshing native plugins compatible for Editor in 3.83 ms, found 2 plugins.
Preloading 0 native plugins for Editor in 0.00 ms.
Unloading 15 Unused Serialized files (Serialized files now loaded: 0)
System memory in use before: 67.1 MB.
System memory in use after: 67.2 MB.

Unloading 15 unused Assets to reduce memory usage. Loaded Objects now: 3925.
Total: 3.904700 ms (FindLiveObjects: 0.482300 ms CreateObjectMapping: 0.237800 ms MarkObjects: 3.057100 ms  DeleteObjects: 0.126100 ms)

========================================================================
Received Prepare
Refreshing native plugins compatible for Editor in 286.09 ms, found 2 plugins.
Preloading 0 native plugins for Editor in 0.00 ms.
Unloading 15 Unused Serialized files (Serialized files now loaded: 0)
System memory in use before: 67.1 MB.
System memory in use after: 67.2 MB.

Unloading 15 unused Assets to reduce memory usage. Loaded Objects now: 3925.
Total: 16.186600 ms (FindLiveObjects: 0.862200 ms CreateObjectMapping: 0.753500 ms MarkObjects: 14.197300 ms  DeleteObjects: 0.369000 ms)

AssetImportWorkerClient::OnTransportError - code=2 error=End of file
